[12:09:11.819][info] [#0:C:/Users/Belld/AppData/Local/nvim-data/mason/packages/lua-language-server/extension/server\main.lua:66]: Lua Lsp startup, root: 	C:/Users/Belld/AppData/Local/nvim-data/mason/packages/lua-language-server/extension/server
[12:09:11.819][info] [#0:C:/Users/Belld/AppData/Local/nvim-data/mason/packages/lua-language-server/extension/server\main.lua:67]: ROOT:	C:/Users/Belld/AppData/Local/nvim-data/mason/packages/lua-language-server/extension/server
[12:09:11.819][info] [#0:C:/Users/Belld/AppData/Local/nvim-data/mason/packages/lua-language-server/extension/server\main.lua:68]: LOGPATH:	C:/Users/Belld/AppData/Local/nvim-data/mason/packages/lua-language-server/extension/server/log
[12:09:11.819][info] [#0:C:/Users/Belld/AppData/Local/nvim-data/mason/packages/lua-language-server/extension/server\main.lua:69]: METAPATH:	C:/Users/Belld/AppData/Local/nvim-data/mason/packages/lua-language-server/extension/server/meta
[12:09:11.819][info] [#0:C:/Users/Belld/AppData/Local/nvim-data/mason/packages/lua-language-server/extension/server\main.lua:70]: VERSION:	3.6.4-dev
[12:09:11.851][info] [#0:script\service\service.lua:141]: 
========= Medical Examination Report =========
    --------------- Memory ---------------
        Total: 1.559 MB
        # 00 : 1.559 MB
        # 01 : 0.000 MB
        # 02 : 0.000 MB
        # 03 : 0.000 MB
        # 04 : 0.000 MB
    --------------- Coroutine ---------------
        Total:     0
        Running:   0
        Suspended: 0
        Normal:    0
        Dead:      0
    --------------- Cache ---------------
        Total: 1
        Dead:  0
    ---------------  RPC  ---------------
        Holdon:   0
        Waiting:  0
==============================================
[12:09:11.851][info] [#0:script\language.lua:137]: VSC language: nil
[12:09:11.851][info] [#0:script\language.lua:138]: LS  language: en-us
[12:09:11.851][info] [#0:script\workspace\workspace.lua:38]: Workspace init root: 	file:///C:/Users/Belld/AppData/Local/nvim/lua/
[12:09:11.851][info] [#0:script\workspace\workspace.lua:42]: Log path: 	C:/Users/Belld/AppData/Local/nvim-data/mason/packages/lua-language-server/extension/server/log/file_C_Users_Belld_AppData_Local_nvim_lua_.log
[12:09:11.866][info] [#0:script\workspace\workspace.lua:51]: Workspace create: 	file:///c%3A/Users/Belld/AppData/Local/nvim/lua/
[12:09:11.866][info] [#0:script\provider\provider.lua:41]: Load config from client	file:///c%3A/Users/Belld/AppData/Local/nvim/lua/
[12:09:11.866][info] [#0:script\provider\provider.lua:42]: {
  Lua = {
    diagnostics = {
      globals = { "vim" }
    },
    telemetry = {
      enable = false
    }
  }
}
[12:09:11.866][info] [#0:script\provider\provider.lua:41]: Load config from client	file:///c%3A/Users/Belld/AppData/Local/nvim/lua/
[12:09:11.866][info] [#0:script\provider\provider.lua:42]: {
  Lua = {
    diagnostics = {
      globals = { "vim" }
    },
    telemetry = {
      enable = false
    }
  }
}
[12:09:11.866][info] [#0:script\provider\provider.lua:41]: Load config from client	file:///c%3A/Users/Belld/AppData/Local/nvim/lua/
[12:09:11.866][info] [#0:script\provider\provider.lua:42]: {
  Lua = {
    diagnostics = {
      globals = { "vim" }
    },
    telemetry = {
      enable = false
    }
  }
}
[12:09:11.866][info] [#0:script\provider\provider.lua:56]: Load config from client	fallback
[12:09:11.866][info] [#0:script\provider\provider.lua:57]: {
  Lua = {
    diagnostics = {
      globals = { "vim" }
    },
    telemetry = {
      enable = false
    }
  }
}
[12:09:11.866][info] [#0:script\library.lua:209]: Init builtin library at:	file:///c%3A/Users/Belld/AppData/Local/nvim/lua/
[12:09:11.898][info] [#0:script\plugin.lua:86]: plugin path:	C:\Users\Belld\AppData\Local\nvim\lua
[12:09:11.898][warn] [#0:script\plugin.lua:101]: plugin not found:	C:\Users\Belld\AppData\Local\nvim\lua
[12:09:11.898][info] [#0:script\library.lua:209]: Init builtin library at:	nil
[12:09:11.913][info] [#0:script\provider\provider.lua:56]: Load config from client	fallback
[12:09:11.913][info] [#0:script\provider\provider.lua:57]: {
  Lua = {
    diagnostics = {
      globals = { "vim" }
    },
    telemetry = {
      enable = false
    }
  }
}
[12:09:11.913][info] [#0:script\provider\provider.lua:56]: Load config from client	fallback
[12:09:11.913][info] [#0:script\provider\provider.lua:57]: {
  Lua = {
    diagnostics = {
      globals = { "vim" }
    },
    telemetry = {
      enable = false
    }
  }
}
[12:09:12.023][info] [#0:script\workspace\workspace.lua:304]: Preload start:	file:///c%3A/Users/Belld/AppData/Local/nvim/lua/
[12:09:12.023][info] [#0:script\workspace\workspace.lua:310]: Scan files at:	file:///c%3A/Users/Belld/AppData/Local/nvim/lua/
[12:09:12.023][info] [#0:script\workspace\workspace.lua:304]: Preload start:	<fallback>
[12:09:12.023][info] [#0:script\workspace\workspace.lua:327]: Scan library at:	file:///c%3A/Users/Belld/AppData/Local/nvim-data/mason/packages/lua-language-server/extension/server/meta/Lua%205.4%20en-us%20utf8
[12:09:12.023][info] [#0:script\workspace\workspace.lua:327]: Scan library at:	file:///c%3A/Users/Belld/AppData/Local/nvim-data/mason/packages/lua-language-server/extension/server/meta/Lua%205.4%20en-us%20utf8
[12:09:12.132][info] [#0:script\workspace\workspace.lua:347]: Found 11 files at:	<fallback>
[12:09:12.132][info] [#0:script\workspace\loading.lua:157]: Load files from disk:	<fallback>
[12:09:12.132][info] [#0:script\workspace\workspace.lua:347]: Found 15 files at:	file:///c%3A/Users/Belld/AppData/Local/nvim/lua/
[12:09:12.132][info] [#0:script\workspace\loading.lua:157]: Load files from disk:	file:///c%3A/Users/Belld/AppData/Local/nvim/lua/
[12:09:12.382][info] [#0:script\workspace\loading.lua:169]: Loaded files takes [0.258] sec: <fallback>
[12:09:12.382][info] [#0:script\workspace\loading.lua:178]: Compile files takes [0.001] sec: <fallback>
[12:09:12.382][info] [#0:script\workspace\loading.lua:179]: Loaded finish:	<fallback>
[12:09:12.382][info] [#0:script\workspace\workspace.lua:349]: Preload finish at:	<fallback>
[12:09:12.382][info] [#0:script\workspace\loading.lua:169]: Loaded files takes [0.266] sec: file:///c%3A/Users/Belld/AppData/Local/nvim/lua/
[12:09:12.382][info] [#0:script\workspace\loading.lua:178]: Compile files takes [0.000] sec: file:///c%3A/Users/Belld/AppData/Local/nvim/lua/
[12:09:12.382][info] [#0:script\workspace\loading.lua:179]: Loaded finish:	file:///c%3A/Users/Belld/AppData/Local/nvim/lua/
[12:09:12.382][info] [#0:script\workspace\workspace.lua:349]: Preload finish at:	file:///c%3A/Users/Belld/AppData/Local/nvim/lua/
[12:09:12.398][warn] [#0:script\proto\proto.lua:122]: Response of [workspace/diagnostic/refresh] error [-32601]: MethodNotFound
[12:09:12.507][info] [#0:script\provider\diagnostic.lua:552]: Diagnostics scope [file:///c%3A/Users/Belld/AppData/Local/nvim/lua/], files count:[15]
[12:09:12.507][warn] [#0:script\proto\proto.lua:122]: Response of [workspace/diagnostic/refresh] error [-32601]: MethodNotFound
[12:09:12.538][info] [#0:script\provider\diagnostic.lua:569]: Diagnostics scope [file:///c%3A/Users/Belld/AppData/Local/nvim/lua/] finished, takes [0.024] sec.
[12:09:46.882][info] [#0:script\provider\diagnostic.lua:171]: clearDiagnostics	file:///c%3A/Users/Belld/AppData/Local/nvim/lua/bellvimconfig/packer.lua
[12:10:22.226][info] [#0:script\provider\diagnostic.lua:171]: clearDiagnostics	file:///c%3A/Users/Belld/AppData/Local/nvim/lua/bellvimconfig/packer.lua
[12:12:30.038][info] [#0:script\provider\provider.lua:170]: Server shutdown.
[12:12:30.038][warn] [#0:script\pub\report.lua:25]: Load proto error:	Disconnected!
