[12:09:11.819][info] [#0:C:/Users/Belld/AppData/Local/nvim-data/mason/packages/lua-language-server/extension/server\main.lua:66]: Lua Lsp startup, root: 	C:/Users/Belld/AppData/Local/nvim-data/mason/packages/lua-language-server/extension/server
[12:09:11.819][info] [#0:C:/Users/Belld/AppData/Local/nvim-data/mason/packages/lua-language-server/extension/server\main.lua:67]: ROOT:	C:/Users/Belld/AppData/Local/nvim-data/mason/packages/lua-language-server/extension/server
[12:09:11.819][info] [#0:C:/Users/Belld/AppData/Local/nvim-data/mason/packages/lua-language-server/extension/server\main.lua:68]: LOGPATH:	C:/Users/Belld/AppData/Local/nvim-data/mason/packages/lua-language-server/extension/server/log
[12:09:11.819][info] [#0:C:/Users/Belld/AppData/Local/nvim-data/mason/packages/lua-language-server/extension/server\main.lua:69]: METAPATH:	C:/Users/Belld/AppData/Local/nvim-data/mason/packages/lua-language-server/extension/server/meta
[12:09:11.819][info] [#0:C:/Users/Belld/AppData/Local/nvim-data/mason/packages/lua-language-server/extension/server\main.lua:70]: VERSION:	3.6.4-dev
[12:09:11.851][info] [#0:script\service\service.lua:141]: 
========= Medical Examination Report =========
    --------------- Memory ---------------
        Total: 1.559 MB
        # 00 : 1.559 MB
        # 01 : 0.000 MB
        # 02 : 0.000 MB
        # 03 : 0.000 MB
        # 04 : 0.000 MB
    --------------- Coroutine ---------------
        Total:     0
        Running:   0
        Suspended: 0
        Normal:    0
        Dead:      0
    --------------- Cache ---------------
        Total: 1
        Dead:  0
    ---------------  RPC  ---------------
        Holdon:   0
        Waiting:  0
==============================================
[12:09:11.851][info] [#0:script\language.lua:137]: VSC language: nil
[12:09:11.851][info] [#0:script\language.lua:138]: LS  language: en-us
[12:09:11.851][info] [#0:script\workspace\workspace.lua:38]: Workspace init root: 	file:///C:/Users/Belld/AppData/Local/nvim/lua/
[12:09:11.851][info] [#0:script\workspace\workspace.lua:42]: Log path: 	C:/Users/Belld/AppData/Local/nvim-data/mason/packages/lua-language-server/extension/server/log/file_C_Users_Belld_AppData_Local_nvim_lua_.log
